[2023-03-21T13:30:07.076+0000] {taskinstance.py:1084} INFO - Dependencies all met for dep_context=non-requeueable deps ti=<TaskInstance: batch_pipeline.extract_csv_file scheduled__2023-03-20T00:00:00+00:00 [queued]>
[2023-03-21T13:30:07.207+0000] {taskinstance.py:1084} INFO - Dependencies all met for dep_context=requeueable deps ti=<TaskInstance: batch_pipeline.extract_csv_file scheduled__2023-03-20T00:00:00+00:00 [queued]>
[2023-03-21T13:30:07.210+0000] {taskinstance.py:1282} INFO - 
--------------------------------------------------------------------------------
[2023-03-21T13:30:07.214+0000] {taskinstance.py:1283} INFO - Starting attempt 8 of 8
[2023-03-21T13:30:07.217+0000] {taskinstance.py:1284} INFO - 
--------------------------------------------------------------------------------
[2023-03-21T13:30:07.520+0000] {taskinstance.py:1303} INFO - Executing <Task(PythonOperator): extract_csv_file> on 2023-03-20 00:00:00+00:00
[2023-03-21T13:30:07.655+0000] {standard_task_runner.py:55} INFO - Started process 1266 to run task
[2023-03-21T13:30:07.731+0000] {standard_task_runner.py:82} INFO - Running: ['***', 'tasks', 'run', 'batch_pipeline', 'extract_csv_file', 'scheduled__2023-03-20T00:00:00+00:00', '--job-id', '57', '--raw', '--subdir', 'DAGS_FOLDER/batch_pipeline.py', '--cfg-path', '/tmp/tmpagrpovor']
[2023-03-21T13:30:07.755+0000] {standard_task_runner.py:83} INFO - Job 57: Subtask extract_csv_file
[2023-03-21T13:30:09.917+0000] {task_command.py:388} INFO - Running <TaskInstance: batch_pipeline.extract_csv_file scheduled__2023-03-20T00:00:00+00:00 [running]> on host 070f7bf9e1a1
[2023-03-21T13:30:10.759+0000] {taskinstance.py:1511} INFO - Exporting the following env vars:
AIRFLOW_CTX_DAG_OWNER=Pedrosa
AIRFLOW_CTX_DAG_ID=batch_pipeline
AIRFLOW_CTX_TASK_ID=extract_csv_file
AIRFLOW_CTX_EXECUTION_DATE=2023-03-20T00:00:00+00:00
AIRFLOW_CTX_TRY_NUMBER=8
AIRFLOW_CTX_DAG_RUN_ID=scheduled__2023-03-20T00:00:00+00:00
[2023-03-21T13:30:11.093+0000] {python.py:177} INFO - Done. Returned value was: None
[2023-03-21T13:30:11.150+0000] {taskinstance.py:1326} INFO - Marking task as SUCCESS. dag_id=batch_pipeline, task_id=extract_csv_file, execution_date=20230320T000000, start_date=20230321T133007, end_date=20230321T133011
[2023-03-21T13:30:11.283+0000] {local_task_job.py:212} INFO - Task exited with return code 0
[2023-03-21T13:30:11.477+0000] {taskinstance.py:2585} INFO - 1 downstream tasks scheduled from follow-on schedule check
[2023-03-21T15:44:41.111+0000] {taskinstance.py:1084} INFO - Dependencies all met for dep_context=non-requeueable deps ti=<TaskInstance: batch_pipeline.extract_csv_file scheduled__2023-03-20T00:00:00+00:00 [queued]>
[2023-03-21T15:44:41.141+0000] {taskinstance.py:1084} INFO - Dependencies all met for dep_context=requeueable deps ti=<TaskInstance: batch_pipeline.extract_csv_file scheduled__2023-03-20T00:00:00+00:00 [queued]>
[2023-03-21T15:44:41.156+0000] {taskinstance.py:1282} INFO - 
--------------------------------------------------------------------------------
[2023-03-21T15:44:41.159+0000] {taskinstance.py:1283} INFO - Starting attempt 8 of 8
[2023-03-21T15:44:41.161+0000] {taskinstance.py:1284} INFO - 
--------------------------------------------------------------------------------
[2023-03-21T15:44:41.262+0000] {taskinstance.py:1303} INFO - Executing <Task(PythonOperator): extract_csv_file> on 2023-03-20 00:00:00+00:00
[2023-03-21T15:44:41.277+0000] {standard_task_runner.py:55} INFO - Started process 3676 to run task
[2023-03-21T15:44:41.296+0000] {standard_task_runner.py:82} INFO - Running: ['***', 'tasks', 'run', 'batch_pipeline', 'extract_csv_file', 'scheduled__2023-03-20T00:00:00+00:00', '--job-id', '143', '--raw', '--subdir', 'DAGS_FOLDER/load_csv.py', '--cfg-path', '/tmp/tmpn4y6osgj']
[2023-03-21T15:44:41.300+0000] {standard_task_runner.py:83} INFO - Job 143: Subtask extract_csv_file
[2023-03-21T15:44:41.447+0000] {task_command.py:388} INFO - Running <TaskInstance: batch_pipeline.extract_csv_file scheduled__2023-03-20T00:00:00+00:00 [running]> on host 070f7bf9e1a1
[2023-03-21T15:44:41.601+0000] {taskinstance.py:1511} INFO - Exporting the following env vars:
AIRFLOW_CTX_DAG_OWNER=Pedrosa
AIRFLOW_CTX_DAG_ID=batch_pipeline
AIRFLOW_CTX_TASK_ID=extract_csv_file
AIRFLOW_CTX_EXECUTION_DATE=2023-03-20T00:00:00+00:00
AIRFLOW_CTX_TRY_NUMBER=8
AIRFLOW_CTX_DAG_RUN_ID=scheduled__2023-03-20T00:00:00+00:00
[2023-03-21T15:44:41.762+0000] {python.py:177} INFO - Done. Returned value was: None
[2023-03-21T15:44:41.808+0000] {taskinstance.py:1326} INFO - Marking task as SUCCESS. dag_id=batch_pipeline, task_id=extract_csv_file, execution_date=20230320T000000, start_date=20230321T154441, end_date=20230321T154441
[2023-03-21T15:44:41.929+0000] {local_task_job.py:212} INFO - Task exited with return code 0
[2023-03-21T15:44:42.048+0000] {taskinstance.py:2585} INFO - 0 downstream tasks scheduled from follow-on schedule check
