[2023-03-21T12:52:54.062+0000] {taskinstance.py:1084} INFO - Dependencies all met for dep_context=non-requeueable deps ti=<TaskInstance: batch_pipeline.extract_csv_file scheduled__2023-03-20T00:00:00+00:00 [queued]>
[2023-03-21T12:52:54.111+0000] {taskinstance.py:1084} INFO - Dependencies all met for dep_context=requeueable deps ti=<TaskInstance: batch_pipeline.extract_csv_file scheduled__2023-03-20T00:00:00+00:00 [queued]>
[2023-03-21T12:52:54.114+0000] {taskinstance.py:1282} INFO - 
--------------------------------------------------------------------------------
[2023-03-21T12:52:54.116+0000] {taskinstance.py:1283} INFO - Starting attempt 2 of 2
[2023-03-21T12:52:54.119+0000] {taskinstance.py:1284} INFO - 
--------------------------------------------------------------------------------
[2023-03-21T12:52:54.209+0000] {taskinstance.py:1303} INFO - Executing <Task(PythonOperator): extract_csv_file> on 2023-03-20 00:00:00+00:00
[2023-03-21T12:52:54.239+0000] {standard_task_runner.py:55} INFO - Started process 551 to run task
[2023-03-21T12:52:54.270+0000] {standard_task_runner.py:82} INFO - Running: ['***', 'tasks', 'run', 'batch_pipeline', 'extract_csv_file', 'scheduled__2023-03-20T00:00:00+00:00', '--job-id', '15', '--raw', '--subdir', 'DAGS_FOLDER/load_csv.py', '--cfg-path', '/tmp/tmp7ejcz7t5']
[2023-03-21T12:52:54.273+0000] {standard_task_runner.py:83} INFO - Job 15: Subtask extract_csv_file
[2023-03-21T12:52:54.805+0000] {task_command.py:388} INFO - Running <TaskInstance: batch_pipeline.extract_csv_file scheduled__2023-03-20T00:00:00+00:00 [running]> on host 070f7bf9e1a1
[2023-03-21T12:52:55.194+0000] {taskinstance.py:1511} INFO - Exporting the following env vars:
AIRFLOW_CTX_DAG_OWNER=Pedrosa
AIRFLOW_CTX_DAG_ID=batch_pipeline
AIRFLOW_CTX_TASK_ID=extract_csv_file
AIRFLOW_CTX_EXECUTION_DATE=2023-03-20T00:00:00+00:00
AIRFLOW_CTX_TRY_NUMBER=2
AIRFLOW_CTX_DAG_RUN_ID=scheduled__2023-03-20T00:00:00+00:00
[2023-03-21T12:52:55.308+0000] {python.py:177} INFO - Done. Returned value was: None
[2023-03-21T12:52:55.351+0000] {taskinstance.py:1326} INFO - Marking task as SUCCESS. dag_id=batch_pipeline, task_id=extract_csv_file, execution_date=20230320T000000, start_date=20230321T125254, end_date=20230321T125255
[2023-03-21T12:52:55.441+0000] {local_task_job.py:212} INFO - Task exited with return code 0
[2023-03-21T12:52:55.600+0000] {taskinstance.py:2585} INFO - 1 downstream tasks scheduled from follow-on schedule check
[2023-03-21T13:42:49.305+0000] {taskinstance.py:1084} INFO - Dependencies all met for dep_context=non-requeueable deps ti=<TaskInstance: batch_pipeline.extract_csv_file scheduled__2023-03-20T00:00:00+00:00 [queued]>
[2023-03-21T13:42:49.342+0000] {taskinstance.py:1084} INFO - Dependencies all met for dep_context=requeueable deps ti=<TaskInstance: batch_pipeline.extract_csv_file scheduled__2023-03-20T00:00:00+00:00 [queued]>
[2023-03-21T13:42:49.344+0000] {taskinstance.py:1282} INFO - 
--------------------------------------------------------------------------------
[2023-03-21T13:42:49.348+0000] {taskinstance.py:1283} INFO - Starting attempt 2 of 2
[2023-03-21T13:42:49.350+0000] {taskinstance.py:1284} INFO - 
--------------------------------------------------------------------------------
[2023-03-21T13:42:49.445+0000] {taskinstance.py:1303} INFO - Executing <Task(PythonOperator): extract_csv_file> on 2023-03-20 00:00:00+00:00
[2023-03-21T13:42:49.492+0000] {standard_task_runner.py:55} INFO - Started process 1557 to run task
[2023-03-21T13:42:49.504+0000] {standard_task_runner.py:82} INFO - Running: ['***', 'tasks', 'run', 'batch_pipeline', 'extract_csv_file', 'scheduled__2023-03-20T00:00:00+00:00', '--job-id', '86', '--raw', '--subdir', 'DAGS_FOLDER/load_csv.py', '--cfg-path', '/tmp/tmpc5jq4au1']
[2023-03-21T13:42:49.509+0000] {standard_task_runner.py:83} INFO - Job 86: Subtask extract_csv_file
[2023-03-21T13:42:49.828+0000] {task_command.py:388} INFO - Running <TaskInstance: batch_pipeline.extract_csv_file scheduled__2023-03-20T00:00:00+00:00 [running]> on host 070f7bf9e1a1
[2023-03-21T13:42:50.305+0000] {taskinstance.py:1511} INFO - Exporting the following env vars:
AIRFLOW_CTX_DAG_OWNER=Pedrosa
AIRFLOW_CTX_DAG_ID=batch_pipeline
AIRFLOW_CTX_TASK_ID=extract_csv_file
AIRFLOW_CTX_EXECUTION_DATE=2023-03-20T00:00:00+00:00
AIRFLOW_CTX_TRY_NUMBER=2
AIRFLOW_CTX_DAG_RUN_ID=scheduled__2023-03-20T00:00:00+00:00
[2023-03-21T13:42:50.462+0000] {python.py:177} INFO - Done. Returned value was: None
[2023-03-21T13:42:50.509+0000] {taskinstance.py:1326} INFO - Marking task as SUCCESS. dag_id=batch_pipeline, task_id=extract_csv_file, execution_date=20230320T000000, start_date=20230321T134249, end_date=20230321T134250
[2023-03-21T13:42:50.611+0000] {local_task_job.py:212} INFO - Task exited with return code 0
[2023-03-21T13:42:50.745+0000] {taskinstance.py:2585} INFO - 1 downstream tasks scheduled from follow-on schedule check
[2023-03-21T13:59:29.388+0000] {taskinstance.py:1084} INFO - Dependencies all met for dep_context=non-requeueable deps ti=<TaskInstance: batch_pipeline.extract_csv_file scheduled__2023-03-20T00:00:00+00:00 [queued]>
[2023-03-21T13:59:29.420+0000] {taskinstance.py:1084} INFO - Dependencies all met for dep_context=requeueable deps ti=<TaskInstance: batch_pipeline.extract_csv_file scheduled__2023-03-20T00:00:00+00:00 [queued]>
[2023-03-21T13:59:29.425+0000] {taskinstance.py:1282} INFO - 
--------------------------------------------------------------------------------
[2023-03-21T13:59:29.428+0000] {taskinstance.py:1283} INFO - Starting attempt 2 of 2
[2023-03-21T13:59:29.430+0000] {taskinstance.py:1284} INFO - 
--------------------------------------------------------------------------------
[2023-03-21T13:59:29.482+0000] {taskinstance.py:1303} INFO - Executing <Task(PythonOperator): extract_csv_file> on 2023-03-20 00:00:00+00:00
[2023-03-21T13:59:29.505+0000] {standard_task_runner.py:55} INFO - Started process 1866 to run task
[2023-03-21T13:59:29.527+0000] {standard_task_runner.py:82} INFO - Running: ['***', 'tasks', 'run', 'batch_pipeline', 'extract_csv_file', 'scheduled__2023-03-20T00:00:00+00:00', '--job-id', '98', '--raw', '--subdir', 'DAGS_FOLDER/load_csv.py', '--cfg-path', '/tmp/tmp90au8fvy']
[2023-03-21T13:59:29.533+0000] {standard_task_runner.py:83} INFO - Job 98: Subtask extract_csv_file
[2023-03-21T13:59:29.806+0000] {task_command.py:388} INFO - Running <TaskInstance: batch_pipeline.extract_csv_file scheduled__2023-03-20T00:00:00+00:00 [running]> on host 070f7bf9e1a1
[2023-03-21T13:59:30.118+0000] {taskinstance.py:1511} INFO - Exporting the following env vars:
AIRFLOW_CTX_DAG_OWNER=Pedrosa
AIRFLOW_CTX_DAG_ID=batch_pipeline
AIRFLOW_CTX_TASK_ID=extract_csv_file
AIRFLOW_CTX_EXECUTION_DATE=2023-03-20T00:00:00+00:00
AIRFLOW_CTX_TRY_NUMBER=2
AIRFLOW_CTX_DAG_RUN_ID=scheduled__2023-03-20T00:00:00+00:00
[2023-03-21T13:59:30.219+0000] {python.py:177} INFO - Done. Returned value was: None
[2023-03-21T13:59:30.257+0000] {taskinstance.py:1326} INFO - Marking task as SUCCESS. dag_id=batch_pipeline, task_id=extract_csv_file, execution_date=20230320T000000, start_date=20230321T135929, end_date=20230321T135930
[2023-03-21T13:59:30.408+0000] {local_task_job.py:212} INFO - Task exited with return code 0
[2023-03-21T13:59:30.648+0000] {taskinstance.py:2585} INFO - 1 downstream tasks scheduled from follow-on schedule check
[2023-03-21T15:16:06.951+0000] {taskinstance.py:1084} INFO - Dependencies all met for dep_context=non-requeueable deps ti=<TaskInstance: batch_pipeline.extract_csv_file scheduled__2023-03-20T00:00:00+00:00 [queued]>
[2023-03-21T15:16:07.019+0000] {taskinstance.py:1084} INFO - Dependencies all met for dep_context=requeueable deps ti=<TaskInstance: batch_pipeline.extract_csv_file scheduled__2023-03-20T00:00:00+00:00 [queued]>
[2023-03-21T15:16:07.024+0000] {taskinstance.py:1282} INFO - 
--------------------------------------------------------------------------------
[2023-03-21T15:16:07.028+0000] {taskinstance.py:1283} INFO - Starting attempt 2 of 2
[2023-03-21T15:16:07.032+0000] {taskinstance.py:1284} INFO - 
--------------------------------------------------------------------------------
[2023-03-21T15:16:07.158+0000] {taskinstance.py:1303} INFO - Executing <Task(PythonOperator): extract_csv_file> on 2023-03-20 00:00:00+00:00
[2023-03-21T15:16:07.196+0000] {standard_task_runner.py:55} INFO - Started process 3142 to run task
[2023-03-21T15:16:07.271+0000] {standard_task_runner.py:82} INFO - Running: ['***', 'tasks', 'run', 'batch_pipeline', 'extract_csv_file', 'scheduled__2023-03-20T00:00:00+00:00', '--job-id', '113', '--raw', '--subdir', 'DAGS_FOLDER/load_csv.py', '--cfg-path', '/tmp/tmpk77bi4c2']
[2023-03-21T15:16:07.284+0000] {standard_task_runner.py:83} INFO - Job 113: Subtask extract_csv_file
[2023-03-21T15:16:07.741+0000] {task_command.py:388} INFO - Running <TaskInstance: batch_pipeline.extract_csv_file scheduled__2023-03-20T00:00:00+00:00 [running]> on host 070f7bf9e1a1
[2023-03-21T15:16:08.170+0000] {taskinstance.py:1511} INFO - Exporting the following env vars:
AIRFLOW_CTX_DAG_OWNER=Pedrosa
AIRFLOW_CTX_DAG_ID=batch_pipeline
AIRFLOW_CTX_TASK_ID=extract_csv_file
AIRFLOW_CTX_EXECUTION_DATE=2023-03-20T00:00:00+00:00
AIRFLOW_CTX_TRY_NUMBER=2
AIRFLOW_CTX_DAG_RUN_ID=scheduled__2023-03-20T00:00:00+00:00
[2023-03-21T15:16:08.354+0000] {python.py:177} INFO - Done. Returned value was: None
[2023-03-21T15:16:08.420+0000] {taskinstance.py:1326} INFO - Marking task as SUCCESS. dag_id=batch_pipeline, task_id=extract_csv_file, execution_date=20230320T000000, start_date=20230321T151606, end_date=20230321T151608
[2023-03-21T15:16:08.546+0000] {local_task_job.py:212} INFO - Task exited with return code 0
[2023-03-21T15:16:08.773+0000] {taskinstance.py:2585} INFO - 0 downstream tasks scheduled from follow-on schedule check
[2023-03-21T15:25:22.611+0000] {taskinstance.py:1084} INFO - Dependencies all met for dep_context=non-requeueable deps ti=<TaskInstance: batch_pipeline.extract_csv_file scheduled__2023-03-20T00:00:00+00:00 [queued]>
[2023-03-21T15:25:22.630+0000] {taskinstance.py:1084} INFO - Dependencies all met for dep_context=requeueable deps ti=<TaskInstance: batch_pipeline.extract_csv_file scheduled__2023-03-20T00:00:00+00:00 [queued]>
[2023-03-21T15:25:22.632+0000] {taskinstance.py:1282} INFO - 
--------------------------------------------------------------------------------
[2023-03-21T15:25:22.634+0000] {taskinstance.py:1283} INFO - Starting attempt 2 of 2
[2023-03-21T15:25:22.636+0000] {taskinstance.py:1284} INFO - 
--------------------------------------------------------------------------------
[2023-03-21T15:25:22.664+0000] {taskinstance.py:1303} INFO - Executing <Task(PythonOperator): extract_csv_file> on 2023-03-20 00:00:00+00:00
[2023-03-21T15:25:22.684+0000] {standard_task_runner.py:55} INFO - Started process 3317 to run task
[2023-03-21T15:25:22.700+0000] {standard_task_runner.py:82} INFO - Running: ['***', 'tasks', 'run', 'batch_pipeline', 'extract_csv_file', 'scheduled__2023-03-20T00:00:00+00:00', '--job-id', '125', '--raw', '--subdir', 'DAGS_FOLDER/batch_pipeline.py', '--cfg-path', '/tmp/tmp2a99314e']
[2023-03-21T15:25:22.703+0000] {standard_task_runner.py:83} INFO - Job 125: Subtask extract_csv_file
[2023-03-21T15:25:22.867+0000] {task_command.py:388} INFO - Running <TaskInstance: batch_pipeline.extract_csv_file scheduled__2023-03-20T00:00:00+00:00 [running]> on host 070f7bf9e1a1
[2023-03-21T15:25:23.064+0000] {taskinstance.py:1511} INFO - Exporting the following env vars:
AIRFLOW_CTX_DAG_OWNER=Pedrosa
AIRFLOW_CTX_DAG_ID=batch_pipeline
AIRFLOW_CTX_TASK_ID=extract_csv_file
AIRFLOW_CTX_EXECUTION_DATE=2023-03-20T00:00:00+00:00
AIRFLOW_CTX_TRY_NUMBER=2
AIRFLOW_CTX_DAG_RUN_ID=scheduled__2023-03-20T00:00:00+00:00
[2023-03-21T15:25:23.133+0000] {python.py:177} INFO - Done. Returned value was: None
[2023-03-21T15:25:23.153+0000] {taskinstance.py:1326} INFO - Marking task as SUCCESS. dag_id=batch_pipeline, task_id=extract_csv_file, execution_date=20230320T000000, start_date=20230321T152522, end_date=20230321T152523
[2023-03-21T15:25:23.198+0000] {local_task_job.py:212} INFO - Task exited with return code 0
[2023-03-21T15:25:23.256+0000] {taskinstance.py:2585} INFO - 1 downstream tasks scheduled from follow-on schedule check
[2023-03-21T15:49:18.324+0000] {taskinstance.py:1084} INFO - Dependencies all met for dep_context=non-requeueable deps ti=<TaskInstance: batch_pipeline.extract_csv_file scheduled__2023-03-20T00:00:00+00:00 [queued]>
[2023-03-21T15:49:18.345+0000] {taskinstance.py:1084} INFO - Dependencies all met for dep_context=requeueable deps ti=<TaskInstance: batch_pipeline.extract_csv_file scheduled__2023-03-20T00:00:00+00:00 [queued]>
[2023-03-21T15:49:18.348+0000] {taskinstance.py:1282} INFO - 
--------------------------------------------------------------------------------
[2023-03-21T15:49:18.349+0000] {taskinstance.py:1283} INFO - Starting attempt 2 of 2
[2023-03-21T15:49:18.351+0000] {taskinstance.py:1284} INFO - 
--------------------------------------------------------------------------------
[2023-03-21T15:49:18.382+0000] {taskinstance.py:1303} INFO - Executing <Task(PythonOperator): extract_csv_file> on 2023-03-20 00:00:00+00:00
[2023-03-21T15:49:18.398+0000] {standard_task_runner.py:55} INFO - Started process 3760 to run task
[2023-03-21T15:49:18.409+0000] {standard_task_runner.py:82} INFO - Running: ['***', 'tasks', 'run', 'batch_pipeline', 'extract_csv_file', 'scheduled__2023-03-20T00:00:00+00:00', '--job-id', '149', '--raw', '--subdir', 'DAGS_FOLDER/batch_pipeline.py', '--cfg-path', '/tmp/tmpf4eevfvu']
[2023-03-21T15:49:18.412+0000] {standard_task_runner.py:83} INFO - Job 149: Subtask extract_csv_file
[2023-03-21T15:49:18.780+0000] {task_command.py:388} INFO - Running <TaskInstance: batch_pipeline.extract_csv_file scheduled__2023-03-20T00:00:00+00:00 [running]> on host 070f7bf9e1a1
[2023-03-21T15:49:19.065+0000] {taskinstance.py:1511} INFO - Exporting the following env vars:
AIRFLOW_CTX_DAG_OWNER=Pedrosa
AIRFLOW_CTX_DAG_ID=batch_pipeline
AIRFLOW_CTX_TASK_ID=extract_csv_file
AIRFLOW_CTX_EXECUTION_DATE=2023-03-20T00:00:00+00:00
AIRFLOW_CTX_TRY_NUMBER=2
AIRFLOW_CTX_DAG_RUN_ID=scheduled__2023-03-20T00:00:00+00:00
[2023-03-21T15:49:19.144+0000] {python.py:177} INFO - Done. Returned value was: None
[2023-03-21T15:49:19.170+0000] {taskinstance.py:1326} INFO - Marking task as SUCCESS. dag_id=batch_pipeline, task_id=extract_csv_file, execution_date=20230320T000000, start_date=20230321T154918, end_date=20230321T154919
[2023-03-21T15:49:19.239+0000] {local_task_job.py:212} INFO - Task exited with return code 0
[2023-03-21T15:49:19.304+0000] {taskinstance.py:2585} INFO - 1 downstream tasks scheduled from follow-on schedule check
[2023-03-21T16:00:41.737+0000] {taskinstance.py:1084} INFO - Dependencies all met for dep_context=non-requeueable deps ti=<TaskInstance: batch_pipeline.extract_csv_file scheduled__2023-03-20T00:00:00+00:00 [queued]>
[2023-03-21T16:00:41.784+0000] {taskinstance.py:1084} INFO - Dependencies all met for dep_context=requeueable deps ti=<TaskInstance: batch_pipeline.extract_csv_file scheduled__2023-03-20T00:00:00+00:00 [queued]>
[2023-03-21T16:00:41.786+0000] {taskinstance.py:1282} INFO - 
--------------------------------------------------------------------------------
[2023-03-21T16:00:41.788+0000] {taskinstance.py:1283} INFO - Starting attempt 2 of 2
[2023-03-21T16:00:41.790+0000] {taskinstance.py:1284} INFO - 
--------------------------------------------------------------------------------
[2023-03-21T16:00:41.904+0000] {taskinstance.py:1303} INFO - Executing <Task(PythonOperator): extract_csv_file> on 2023-03-20 00:00:00+00:00
[2023-03-21T16:00:41.931+0000] {standard_task_runner.py:55} INFO - Started process 3972 to run task
[2023-03-21T16:00:41.950+0000] {standard_task_runner.py:82} INFO - Running: ['***', 'tasks', 'run', 'batch_pipeline', 'extract_csv_file', 'scheduled__2023-03-20T00:00:00+00:00', '--job-id', '164', '--raw', '--subdir', 'DAGS_FOLDER/batch_pipeline.py', '--cfg-path', '/tmp/tmppb2ek3pu']
[2023-03-21T16:00:41.960+0000] {standard_task_runner.py:83} INFO - Job 164: Subtask extract_csv_file
[2023-03-21T16:00:42.404+0000] {task_command.py:388} INFO - Running <TaskInstance: batch_pipeline.extract_csv_file scheduled__2023-03-20T00:00:00+00:00 [running]> on host 070f7bf9e1a1
[2023-03-21T16:00:42.745+0000] {taskinstance.py:1511} INFO - Exporting the following env vars:
AIRFLOW_CTX_DAG_OWNER=Pedrosa
AIRFLOW_CTX_DAG_ID=batch_pipeline
AIRFLOW_CTX_TASK_ID=extract_csv_file
AIRFLOW_CTX_EXECUTION_DATE=2023-03-20T00:00:00+00:00
AIRFLOW_CTX_TRY_NUMBER=2
AIRFLOW_CTX_DAG_RUN_ID=scheduled__2023-03-20T00:00:00+00:00
[2023-03-21T16:00:42.932+0000] {python.py:177} INFO - Done. Returned value was: None
[2023-03-21T16:00:42.969+0000] {taskinstance.py:1326} INFO - Marking task as SUCCESS. dag_id=batch_pipeline, task_id=extract_csv_file, execution_date=20230320T000000, start_date=20230321T160041, end_date=20230321T160042
[2023-03-21T16:00:43.087+0000] {local_task_job.py:212} INFO - Task exited with return code 0
[2023-03-21T16:00:43.244+0000] {taskinstance.py:2585} INFO - 1 downstream tasks scheduled from follow-on schedule check
