[2023-03-21T13:24:17.556+0000] {taskinstance.py:1084} INFO - Dependencies all met for dep_context=non-requeueable deps ti=<TaskInstance: batch_pipeline.extract_csv_file scheduled__2023-03-20T00:00:00+00:00 [queued]>
[2023-03-21T13:24:17.862+0000] {taskinstance.py:1084} INFO - Dependencies all met for dep_context=requeueable deps ti=<TaskInstance: batch_pipeline.extract_csv_file scheduled__2023-03-20T00:00:00+00:00 [queued]>
[2023-03-21T13:24:17.868+0000] {taskinstance.py:1282} INFO - 
--------------------------------------------------------------------------------
[2023-03-21T13:24:17.880+0000] {taskinstance.py:1283} INFO - Starting attempt 7 of 7
[2023-03-21T13:24:17.884+0000] {taskinstance.py:1284} INFO - 
--------------------------------------------------------------------------------
[2023-03-21T13:24:18.300+0000] {taskinstance.py:1303} INFO - Executing <Task(PythonOperator): extract_csv_file> on 2023-03-20 00:00:00+00:00
[2023-03-21T13:24:18.327+0000] {standard_task_runner.py:55} INFO - Started process 1152 to run task
[2023-03-21T13:24:18.369+0000] {standard_task_runner.py:82} INFO - Running: ['***', 'tasks', 'run', 'batch_pipeline', 'extract_csv_file', 'scheduled__2023-03-20T00:00:00+00:00', '--job-id', '50', '--raw', '--subdir', 'DAGS_FOLDER/batch_pipeline.py', '--cfg-path', '/tmp/tmpx90_njxw']
[2023-03-21T13:24:18.375+0000] {standard_task_runner.py:83} INFO - Job 50: Subtask extract_csv_file
[2023-03-21T13:24:19.056+0000] {task_command.py:388} INFO - Running <TaskInstance: batch_pipeline.extract_csv_file scheduled__2023-03-20T00:00:00+00:00 [running]> on host 070f7bf9e1a1
[2023-03-21T13:24:19.523+0000] {taskinstance.py:1511} INFO - Exporting the following env vars:
AIRFLOW_CTX_DAG_OWNER=Pedrosa
AIRFLOW_CTX_DAG_ID=batch_pipeline
AIRFLOW_CTX_TASK_ID=extract_csv_file
AIRFLOW_CTX_EXECUTION_DATE=2023-03-20T00:00:00+00:00
AIRFLOW_CTX_TRY_NUMBER=7
AIRFLOW_CTX_DAG_RUN_ID=scheduled__2023-03-20T00:00:00+00:00
[2023-03-21T13:24:19.684+0000] {python.py:177} INFO - Done. Returned value was: None
[2023-03-21T13:24:19.770+0000] {taskinstance.py:1326} INFO - Marking task as SUCCESS. dag_id=batch_pipeline, task_id=extract_csv_file, execution_date=20230320T000000, start_date=20230321T132417, end_date=20230321T132419
[2023-03-21T13:24:19.909+0000] {local_task_job.py:212} INFO - Task exited with return code 0
[2023-03-21T13:24:20.038+0000] {taskinstance.py:2585} INFO - 1 downstream tasks scheduled from follow-on schedule check
[2023-03-21T15:42:56.894+0000] {taskinstance.py:1084} INFO - Dependencies all met for dep_context=non-requeueable deps ti=<TaskInstance: batch_pipeline.extract_csv_file scheduled__2023-03-20T00:00:00+00:00 [queued]>
[2023-03-21T15:42:56.948+0000] {taskinstance.py:1084} INFO - Dependencies all met for dep_context=requeueable deps ti=<TaskInstance: batch_pipeline.extract_csv_file scheduled__2023-03-20T00:00:00+00:00 [queued]>
[2023-03-21T15:42:56.953+0000] {taskinstance.py:1282} INFO - 
--------------------------------------------------------------------------------
[2023-03-21T15:42:56.958+0000] {taskinstance.py:1283} INFO - Starting attempt 7 of 7
[2023-03-21T15:42:56.961+0000] {taskinstance.py:1284} INFO - 
--------------------------------------------------------------------------------
[2023-03-21T15:42:57.071+0000] {taskinstance.py:1303} INFO - Executing <Task(PythonOperator): extract_csv_file> on 2023-03-20 00:00:00+00:00
[2023-03-21T15:42:57.111+0000] {standard_task_runner.py:55} INFO - Started process 3640 to run task
[2023-03-21T15:42:57.126+0000] {standard_task_runner.py:82} INFO - Running: ['***', 'tasks', 'run', 'batch_pipeline', 'extract_csv_file', 'scheduled__2023-03-20T00:00:00+00:00', '--job-id', '140', '--raw', '--subdir', 'DAGS_FOLDER/batch_pipeline.py', '--cfg-path', '/tmp/tmpbojyocvn']
[2023-03-21T15:42:57.128+0000] {standard_task_runner.py:83} INFO - Job 140: Subtask extract_csv_file
[2023-03-21T15:42:57.305+0000] {task_command.py:388} INFO - Running <TaskInstance: batch_pipeline.extract_csv_file scheduled__2023-03-20T00:00:00+00:00 [running]> on host 070f7bf9e1a1
[2023-03-21T15:42:57.528+0000] {taskinstance.py:1511} INFO - Exporting the following env vars:
AIRFLOW_CTX_DAG_OWNER=Pedrosa
AIRFLOW_CTX_DAG_ID=batch_pipeline
AIRFLOW_CTX_TASK_ID=extract_csv_file
AIRFLOW_CTX_EXECUTION_DATE=2023-03-20T00:00:00+00:00
AIRFLOW_CTX_TRY_NUMBER=7
AIRFLOW_CTX_DAG_RUN_ID=scheduled__2023-03-20T00:00:00+00:00
[2023-03-21T15:42:57.610+0000] {python.py:177} INFO - Done. Returned value was: None
[2023-03-21T15:42:57.635+0000] {taskinstance.py:1326} INFO - Marking task as SUCCESS. dag_id=batch_pipeline, task_id=extract_csv_file, execution_date=20230320T000000, start_date=20230321T154256, end_date=20230321T154257
[2023-03-21T15:42:57.714+0000] {local_task_job.py:212} INFO - Task exited with return code 0
[2023-03-21T15:42:57.779+0000] {taskinstance.py:2585} INFO - 1 downstream tasks scheduled from follow-on schedule check
