[2023-03-21T13:35:51.131+0000] {taskinstance.py:1084} INFO - Dependencies all met for dep_context=non-requeueable deps ti=<TaskInstance: batch_pipeline.extract_csv_file scheduled__2023-03-20T00:00:00+00:00 [queued]>
[2023-03-21T13:35:51.182+0000] {taskinstance.py:1084} INFO - Dependencies all met for dep_context=requeueable deps ti=<TaskInstance: batch_pipeline.extract_csv_file scheduled__2023-03-20T00:00:00+00:00 [queued]>
[2023-03-21T13:35:51.188+0000] {taskinstance.py:1282} INFO - 
--------------------------------------------------------------------------------
[2023-03-21T13:35:51.190+0000] {taskinstance.py:1283} INFO - Starting attempt 10 of 10
[2023-03-21T13:35:51.192+0000] {taskinstance.py:1284} INFO - 
--------------------------------------------------------------------------------
[2023-03-21T13:35:51.278+0000] {taskinstance.py:1303} INFO - Executing <Task(PythonOperator): extract_csv_file> on 2023-03-20 00:00:00+00:00
[2023-03-21T13:35:51.298+0000] {standard_task_runner.py:55} INFO - Started process 1418 to run task
[2023-03-21T13:35:51.324+0000] {standard_task_runner.py:82} INFO - Running: ['***', 'tasks', 'run', 'batch_pipeline', 'extract_csv_file', 'scheduled__2023-03-20T00:00:00+00:00', '--job-id', '78', '--raw', '--subdir', 'DAGS_FOLDER/load_csv.py', '--cfg-path', '/tmp/tmpmdphiwmh']
[2023-03-21T13:35:51.329+0000] {standard_task_runner.py:83} INFO - Job 78: Subtask extract_csv_file
[2023-03-21T13:35:51.633+0000] {task_command.py:388} INFO - Running <TaskInstance: batch_pipeline.extract_csv_file scheduled__2023-03-20T00:00:00+00:00 [running]> on host 070f7bf9e1a1
[2023-03-21T13:35:51.998+0000] {taskinstance.py:1511} INFO - Exporting the following env vars:
AIRFLOW_CTX_DAG_OWNER=Pedrosa
AIRFLOW_CTX_DAG_ID=batch_pipeline
AIRFLOW_CTX_TASK_ID=extract_csv_file
AIRFLOW_CTX_EXECUTION_DATE=2023-03-20T00:00:00+00:00
AIRFLOW_CTX_TRY_NUMBER=10
AIRFLOW_CTX_DAG_RUN_ID=scheduled__2023-03-20T00:00:00+00:00
[2023-03-21T13:35:52.116+0000] {python.py:177} INFO - Done. Returned value was: None
[2023-03-21T13:35:52.164+0000] {taskinstance.py:1326} INFO - Marking task as SUCCESS. dag_id=batch_pipeline, task_id=extract_csv_file, execution_date=20230320T000000, start_date=20230321T133551, end_date=20230321T133552
[2023-03-21T13:35:52.280+0000] {local_task_job.py:212} INFO - Task exited with return code 0
[2023-03-21T13:35:55.837+0000] {taskinstance.py:2585} INFO - 0 downstream tasks scheduled from follow-on schedule check
