[2023-03-21T13:16:38.267+0000] {taskinstance.py:1084} INFO - Dependencies all met for dep_context=non-requeueable deps ti=<TaskInstance: batch_pipeline.extract_csv_file manual__2023-03-21T12:47:20.072089+00:00 [queued]>
[2023-03-21T13:16:38.328+0000] {taskinstance.py:1084} INFO - Dependencies all met for dep_context=requeueable deps ti=<TaskInstance: batch_pipeline.extract_csv_file manual__2023-03-21T12:47:20.072089+00:00 [queued]>
[2023-03-21T13:16:38.333+0000] {taskinstance.py:1282} INFO - 
--------------------------------------------------------------------------------
[2023-03-21T13:16:38.336+0000] {taskinstance.py:1283} INFO - Starting attempt 4 of 4
[2023-03-21T13:16:38.339+0000] {taskinstance.py:1284} INFO - 
--------------------------------------------------------------------------------
[2023-03-21T13:16:38.436+0000] {taskinstance.py:1303} INFO - Executing <Task(PythonOperator): extract_csv_file> on 2023-03-21 12:47:20.072089+00:00
[2023-03-21T13:16:38.446+0000] {standard_task_runner.py:55} INFO - Started process 965 to run task
[2023-03-21T13:16:38.471+0000] {standard_task_runner.py:82} INFO - Running: ['***', 'tasks', 'run', 'batch_pipeline', 'extract_csv_file', 'manual__2023-03-21T12:47:20.072089+00:00', '--job-id', '26', '--raw', '--subdir', 'DAGS_FOLDER/batch_pipeline.py', '--cfg-path', '/tmp/tmpf472j94s']
[2023-03-21T13:16:38.475+0000] {standard_task_runner.py:83} INFO - Job 26: Subtask extract_csv_file
[2023-03-21T13:16:39.117+0000] {task_command.py:388} INFO - Running <TaskInstance: batch_pipeline.extract_csv_file manual__2023-03-21T12:47:20.072089+00:00 [running]> on host 070f7bf9e1a1
[2023-03-21T13:16:39.637+0000] {taskinstance.py:1511} INFO - Exporting the following env vars:
AIRFLOW_CTX_DAG_OWNER=Pedrosa
AIRFLOW_CTX_DAG_ID=batch_pipeline
AIRFLOW_CTX_TASK_ID=extract_csv_file
AIRFLOW_CTX_EXECUTION_DATE=2023-03-21T12:47:20.072089+00:00
AIRFLOW_CTX_TRY_NUMBER=4
AIRFLOW_CTX_DAG_RUN_ID=manual__2023-03-21T12:47:20.072089+00:00
[2023-03-21T13:16:39.806+0000] {python.py:177} INFO - Done. Returned value was: None
[2023-03-21T13:16:39.939+0000] {taskinstance.py:1326} INFO - Marking task as SUCCESS. dag_id=batch_pipeline, task_id=extract_csv_file, execution_date=20230321T124720, start_date=20230321T131638, end_date=20230321T131639
[2023-03-21T13:16:40.087+0000] {local_task_job.py:212} INFO - Task exited with return code 0
[2023-03-21T13:16:40.251+0000] {taskinstance.py:2585} INFO - 1 downstream tasks scheduled from follow-on schedule check
