[2023-03-21T12:47:40.397+0000] {taskinstance.py:1084} INFO - Dependencies all met for dep_context=non-requeueable deps ti=<TaskInstance: batch_pipeline.extract_csv_file manual__2023-03-21T12:47:20.072089+00:00 [queued]>
[2023-03-21T12:47:40.516+0000] {taskinstance.py:1084} INFO - Dependencies all met for dep_context=requeueable deps ti=<TaskInstance: batch_pipeline.extract_csv_file manual__2023-03-21T12:47:20.072089+00:00 [queued]>
[2023-03-21T12:47:40.518+0000] {taskinstance.py:1282} INFO - 
--------------------------------------------------------------------------------
[2023-03-21T12:47:40.520+0000] {taskinstance.py:1283} INFO - Starting attempt 1 of 1
[2023-03-21T12:47:40.522+0000] {taskinstance.py:1284} INFO - 
--------------------------------------------------------------------------------
[2023-03-21T12:47:40.947+0000] {taskinstance.py:1303} INFO - Executing <Task(PythonOperator): extract_csv_file> on 2023-03-21 12:47:20.072089+00:00
[2023-03-21T12:47:41.067+0000] {standard_task_runner.py:55} INFO - Started process 450 to run task
[2023-03-21T12:47:41.177+0000] {standard_task_runner.py:82} INFO - Running: ['***', 'tasks', 'run', 'batch_pipeline', 'extract_csv_file', 'manual__2023-03-21T12:47:20.072089+00:00', '--job-id', '8', '--raw', '--subdir', 'DAGS_FOLDER/batch_pipeline.py', '--cfg-path', '/tmp/tmpw3o0snqi']
[2023-03-21T12:47:41.245+0000] {standard_task_runner.py:83} INFO - Job 8: Subtask extract_csv_file
[2023-03-21T12:47:41.683+0000] {task_command.py:388} INFO - Running <TaskInstance: batch_pipeline.extract_csv_file manual__2023-03-21T12:47:20.072089+00:00 [running]> on host 070f7bf9e1a1
[2023-03-21T12:47:42.245+0000] {taskinstance.py:1511} INFO - Exporting the following env vars:
AIRFLOW_CTX_DAG_OWNER=Pedrosa
AIRFLOW_CTX_DAG_ID=batch_pipeline
AIRFLOW_CTX_TASK_ID=extract_csv_file
AIRFLOW_CTX_EXECUTION_DATE=2023-03-21T12:47:20.072089+00:00
AIRFLOW_CTX_TRY_NUMBER=1
AIRFLOW_CTX_DAG_RUN_ID=manual__2023-03-21T12:47:20.072089+00:00
[2023-03-21T12:47:42.632+0000] {python.py:177} INFO - Done. Returned value was: None
[2023-03-21T12:47:42.720+0000] {taskinstance.py:1326} INFO - Marking task as SUCCESS. dag_id=batch_pipeline, task_id=extract_csv_file, execution_date=20230321T124720, start_date=20230321T124740, end_date=20230321T124742
[2023-03-21T12:47:43.081+0000] {local_task_job.py:212} INFO - Task exited with return code 0
[2023-03-21T12:47:43.786+0000] {taskinstance.py:2585} INFO - 1 downstream tasks scheduled from follow-on schedule check
