[2023-03-22T01:34:22.132+0000] {taskinstance.py:1084} INFO - Dependencies all met for dep_context=non-requeueable deps ti=<TaskInstance: batch_pipeline.extract_csv_file scheduled__2023-03-21T00:00:00+00:00 [queued]>
[2023-03-22T01:34:22.157+0000] {taskinstance.py:1084} INFO - Dependencies all met for dep_context=requeueable deps ti=<TaskInstance: batch_pipeline.extract_csv_file scheduled__2023-03-21T00:00:00+00:00 [queued]>
[2023-03-22T01:34:22.159+0000] {taskinstance.py:1282} INFO - 
--------------------------------------------------------------------------------
[2023-03-22T01:34:22.161+0000] {taskinstance.py:1283} INFO - Starting attempt 2 of 2
[2023-03-22T01:34:22.164+0000] {taskinstance.py:1284} INFO - 
--------------------------------------------------------------------------------
[2023-03-22T01:34:22.207+0000] {taskinstance.py:1303} INFO - Executing <Task(PythonOperator): extract_csv_file> on 2023-03-21 00:00:00+00:00
[2023-03-22T01:34:22.223+0000] {standard_task_runner.py:55} INFO - Started process 276 to run task
[2023-03-22T01:34:22.238+0000] {standard_task_runner.py:82} INFO - Running: ['***', 'tasks', 'run', 'batch_pipeline', 'extract_csv_file', 'scheduled__2023-03-21T00:00:00+00:00', '--job-id', '173', '--raw', '--subdir', 'DAGS_FOLDER/batch_pipeline.py', '--cfg-path', '/tmp/tmp2vyxuj62']
[2023-03-22T01:34:22.241+0000] {standard_task_runner.py:83} INFO - Job 173: Subtask extract_csv_file
[2023-03-22T01:34:22.441+0000] {task_command.py:388} INFO - Running <TaskInstance: batch_pipeline.extract_csv_file scheduled__2023-03-21T00:00:00+00:00 [running]> on host 070f7bf9e1a1
[2023-03-22T01:34:22.615+0000] {taskinstance.py:1511} INFO - Exporting the following env vars:
AIRFLOW_CTX_DAG_OWNER=Pedrosa
AIRFLOW_CTX_DAG_ID=batch_pipeline
AIRFLOW_CTX_TASK_ID=extract_csv_file
AIRFLOW_CTX_EXECUTION_DATE=2023-03-21T00:00:00+00:00
AIRFLOW_CTX_TRY_NUMBER=2
AIRFLOW_CTX_DAG_RUN_ID=scheduled__2023-03-21T00:00:00+00:00
[2023-03-22T01:34:22.713+0000] {python.py:177} INFO - Done. Returned value was: None
[2023-03-22T01:34:22.748+0000] {taskinstance.py:1326} INFO - Marking task as SUCCESS. dag_id=batch_pipeline, task_id=extract_csv_file, execution_date=20230321T000000, start_date=20230322T013422, end_date=20230322T013422
[2023-03-22T01:34:22.818+0000] {local_task_job.py:212} INFO - Task exited with return code 0
[2023-03-22T01:34:22.948+0000] {taskinstance.py:2585} INFO - 1 downstream tasks scheduled from follow-on schedule check
[2023-03-22T02:45:50.079+0000] {taskinstance.py:1084} INFO - Dependencies all met for dep_context=non-requeueable deps ti=<TaskInstance: batch_pipeline.extract_csv_file scheduled__2023-03-21T00:00:00+00:00 [queued]>
[2023-03-22T02:45:50.103+0000] {taskinstance.py:1084} INFO - Dependencies all met for dep_context=requeueable deps ti=<TaskInstance: batch_pipeline.extract_csv_file scheduled__2023-03-21T00:00:00+00:00 [queued]>
[2023-03-22T02:45:50.105+0000] {taskinstance.py:1282} INFO - 
--------------------------------------------------------------------------------
[2023-03-22T02:45:50.107+0000] {taskinstance.py:1283} INFO - Starting attempt 2 of 2
[2023-03-22T02:45:50.109+0000] {taskinstance.py:1284} INFO - 
--------------------------------------------------------------------------------
[2023-03-22T02:45:50.142+0000] {taskinstance.py:1303} INFO - Executing <Task(PythonOperator): extract_csv_file> on 2023-03-21 00:00:00+00:00
[2023-03-22T02:45:50.154+0000] {standard_task_runner.py:55} INFO - Started process 489 to run task
[2023-03-22T02:45:50.163+0000] {standard_task_runner.py:82} INFO - Running: ['***', 'tasks', 'run', 'batch_pipeline', 'extract_csv_file', 'scheduled__2023-03-21T00:00:00+00:00', '--job-id', '194', '--raw', '--subdir', 'DAGS_FOLDER/batch_pipeline.py', '--cfg-path', '/tmp/tmp7vr_tbj1']
[2023-03-22T02:45:50.166+0000] {standard_task_runner.py:83} INFO - Job 194: Subtask extract_csv_file
[2023-03-22T02:45:50.306+0000] {task_command.py:388} INFO - Running <TaskInstance: batch_pipeline.extract_csv_file scheduled__2023-03-21T00:00:00+00:00 [running]> on host 070f7bf9e1a1
[2023-03-22T02:45:50.448+0000] {taskinstance.py:1511} INFO - Exporting the following env vars:
AIRFLOW_CTX_DAG_OWNER=Pedrosa
AIRFLOW_CTX_DAG_ID=batch_pipeline
AIRFLOW_CTX_TASK_ID=extract_csv_file
AIRFLOW_CTX_EXECUTION_DATE=2023-03-21T00:00:00+00:00
AIRFLOW_CTX_TRY_NUMBER=2
AIRFLOW_CTX_DAG_RUN_ID=scheduled__2023-03-21T00:00:00+00:00
[2023-03-22T02:45:50.523+0000] {python.py:177} INFO - Done. Returned value was: None
[2023-03-22T02:45:50.545+0000] {taskinstance.py:1326} INFO - Marking task as SUCCESS. dag_id=batch_pipeline, task_id=extract_csv_file, execution_date=20230321T000000, start_date=20230322T024550, end_date=20230322T024550
[2023-03-22T02:45:50.624+0000] {local_task_job.py:212} INFO - Task exited with return code 0
[2023-03-22T02:45:50.685+0000] {taskinstance.py:2585} INFO - 1 downstream tasks scheduled from follow-on schedule check
